# project ns (3.24.1) configured on Sun Jun 26 10:58:40 2016 by
# waf 1.8.12 (abi 98, python 20706f0 on linux2)
# using ./waf configure
#
----------------------------------------
Setting top to
/home/thomas/LTE_Energy_Module_NS3/ns-allinone-3.24.1/ns-3.24.1
----------------------------------------
Setting out to
/home/thomas/LTE_Energy_Module_NS3/ns-allinone-3.24.1/ns-3.24.1/build
----------------------------------------
Checking for 'gcc' (C compiler)
find program=['gcc', 'cc'] paths=['/usr/local/sbin', '/usr/local/bin', '/usr/sbin', '/usr/bin', '/sbin', '/bin', '/usr/games', '/usr/local/games'] var='CC' -> ['/usr/bin/gcc']
find program=['ar'] paths=['/usr/local/sbin', '/usr/local/bin', '/usr/sbin', '/usr/bin', '/sbin', '/bin', '/usr/games', '/usr/local/games'] var='AR' -> ['/usr/bin/ar']
/usr/bin/gcc
----------------------------------------
Checking for cc version
4.8.4
----------------------------------------
Checking for 'g++' (C++ compiler)
find program=['g++', 'c++'] paths=['/usr/local/sbin', '/usr/local/bin', '/usr/sbin', '/usr/bin', '/sbin', '/bin', '/usr/games', '/usr/local/games'] var='CXX' -> ['/usr/bin/g++']
(tool ar is already loaded, skipping)
/usr/bin/g++
------------------------------------------------------
Checking for compilation flag -Wl,--soname=foo support
==>
int main() { return 0; }
<==
[1/1] Compiling [32mbuild/.conf_check_130cdf8e5a1b68d886a9d29a6a3a03c5/test.cpp[0m

['/usr/bin/g++', '-O0', '-ggdb', '-g3', '-Wall', '-Werror', '-Wl,--soname=foo', '-DNS3_BUILD_PROFILE_DEBUG', '-DNS3_ASSERT_ENABLE', '-DNS3_LOG_ENABLE', '../test.cpp', '-c', '-o', '/home/thomas/LTE_Energy_Module_NS3/ns-allinone-3.24.1/ns-3.24.1/build/.conf_check_130cdf8e5a1b68d886a9d29a6a3a03c5/testbuild/test.cpp.1.o']
ok
------------------------------------------------------
Checking for program 'python'
/usr/bin/python
find program=['python'] paths=['/usr/local/sbin', '/usr/local/bin', '/usr/sbin', '/usr/bin', '/sbin', '/bin', '/usr/games', '/usr/local/games'] var='PYTHON' -> ['/usr/bin/python']
['/usr/bin/python', '-c', 'import imp;print(imp.get_tag())']
err: Traceback (most recent call last):
  File "<string>", line 1, in <module>
AttributeError: 'module' object has no attribute 'get_tag'

['/usr/bin/python', '-c', 'import sys\nfor x in sys.version_info: print(str(x))']
out: 2
7
6
final
0

['/usr/bin/python', '-c', "from distutils.sysconfig import get_config_var, get_python_lib\n\nprint(repr(get_python_lib(standard_lib=0, prefix='/usr/local') or ''))"]
out: '/usr/local/lib/python2.7/dist-packages'

'/usr/local/lib/python2.7/dist-packages'

['/usr/bin/python', '-c', "from distutils.sysconfig import get_config_var, get_python_lib\n\nprint(repr(get_python_lib(plat_specific=1, standard_lib=0, prefix='/usr/local') or ''))"]
out: '/usr/local/lib/python2.7/dist-packages'

'/usr/local/lib/python2.7/dist-packages'

------------------------------------------------------
Checking for python version
(2, 7, 6, 'final', 0)
['/usr/bin/python', '-c', "from distutils.sysconfig import get_config_var, get_python_lib\n\nprint(repr(get_config_var('prefix') or ''))\nprint(repr(get_config_var('SO') or ''))\nprint(repr(get_config_var('LDFLAGS') or ''))\nprint(repr(get_config_var('LIBDIR') or ''))\nprint(repr(get_config_var('LIBPL') or ''))\nprint(repr(get_config_var('INCLUDEPY') or ''))\nprint(repr(get_config_var('Py_ENABLE_SHARED') or ''))\nprint(repr(get_config_var('MACOSX_DEPLOYMENT_TARGET') or ''))\nprint(repr(get_config_var('LDSHARED') or ''))\nprint(repr(get_config_var('CFLAGS') or ''))\nprint(repr(get_config_var('LDVERSION') or ''))"]
out: '/usr'
'.so'
'-Wl,-Bsymbolic-functions -Wl,-z,relro'
'/usr/lib'
'/usr/lib/python2.7/config-x86_64-linux-gnu'
'/usr/include/python2.7'
1
''
'x86_64-linux-gnu-gcc -pthread -shared -Wl,-O1 -Wl,-Bsymbolic-functions -Wl,-Bsymbolic-functions -Wl,-z,relro -fno-strict-aliasing -DNDEBUG -g -fwrapv -O2 -Wall -Wstrict-prototypes -D_FORTIFY_SOURCE=2 -g -fstack-protector --param=ssp-buffer-size=4 -Wformat -Werror=format-security  '
'-fno-strict-aliasing -DNDEBUG -g -fwrapv -O2 -Wall -Wstrict-prototypes -D_FORTIFY_SOURCE=2 -g -fstack-protector --param=ssp-buffer-size=4 -Wformat -Werror=format-security  '
''

'/usr'
'.so'
'-Wl,-Bsymbolic-functions -Wl,-z,relro'
'/usr/lib'
'/usr/lib/python2.7/config-x86_64-linux-gnu'
'/usr/include/python2.7'
1
''
'x86_64-linux-gnu-gcc -pthread -shared -Wl,-O1 -Wl,-Bsymbolic-functions -Wl,-Bsymbolic-functions -Wl,-z,relro -fno-strict-aliasing -DNDEBUG -g -fwrapv -O2 -Wall -Wstrict-prototypes -D_FORTIFY_SOURCE=2 -g -fstack-protector --param=ssp-buffer-size=4 -Wformat -Werror=format-security  '
'-fno-strict-aliasing -DNDEBUG -g -fwrapv -O2 -Wall -Wstrict-prototypes -D_FORTIFY_SOURCE=2 -g -fstack-protector --param=ssp-buffer-size=4 -Wformat -Werror=format-security  '
''

Configuration returned from ['/usr/bin/python']:
prefix = '/usr'
SO = '.so'
LDFLAGS = '-Wl,-Bsymbolic-functions -Wl,-z,relro'
LIBDIR = '/usr/lib'
LIBPL = '/usr/lib/python2.7/config-x86_64-linux-gnu'
INCLUDEPY = '/usr/include/python2.7'
Py_ENABLE_SHARED = 1
MACOSX_DEPLOYMENT_TARGET = ''
LDSHARED = 'x86_64-linux-gnu-gcc -pthread -shared -Wl,-O1 -Wl,-Bsymbolic-functions -Wl,-Bsymbolic-functions -Wl,-z,relro -fno-strict-aliasing -DNDEBUG -g -fwrapv -O2 -Wall -Wstrict-prototypes -D_FORTIFY_SOURCE=2 -g -fstack-protector --param=ssp-buffer-size=4 -Wformat -Werror=format-security  '
CFLAGS = '-fno-strict-aliasing -DNDEBUG -g -fwrapv -O2 -Wall -Wstrict-prototypes -D_FORTIFY_SOURCE=2 -g -fstack-protector --param=ssp-buffer-size=4 -Wformat -Werror=format-security  '
LDVERSION = ''

------------------------------------------------------
python-config
/usr/bin/python-config
find program=['/usr/bin/python-config', 'python2.7-config', 'python-config-2.7', 'python2.7m-config'] paths=['/usr/local/sbin', '/usr/local/bin', '/usr/sbin', '/usr/bin', '/sbin', '/bin', '/usr/games', '/usr/local/games'] var='PYTHON_CONFIG' -> ['/usr/bin/python-config']
------------------------------------------------------------------
Asking python-config for pyembed '--cflags --libs --ldflags' flags
['/usr/bin/python-config', '--cflags', '--libs', '--ldflags']
out: -I/usr/include/python2.7 -I/usr/include/x86_64-linux-gnu/python2.7  -fno-strict-aliasing -D_FORTIFY_SOURCE=2 -g -fstack-protector --param=ssp-buffer-size=4 -Wformat -Werror=format-security  -DNDEBUG -g -fwrapv -O2 -Wall -Wstrict-prototypes
-lpthread -ldl  -lutil -lm  -lpython2.7
-L/usr/lib/python2.7/config-x86_64-linux-gnu -L/usr/lib -lpthread -ldl  -lutil -lm  -lpython2.7 -Xlinker -export-dynamic -Wl,-O1 -Wl,-Bsymbolic-functions

yes
------------------------------------------------------------------
Getting pyembed flags from python-config
==>

#include <Python.h>
#ifdef __cplusplus
extern "C" {
#endif
	void Py_Initialize(void);
	void Py_Finalize(void);
#ifdef __cplusplus
}
#endif
int main(int argc, char **argv)
{
   (void)argc; (void)argv;
   Py_Initialize();
   Py_Finalize();
   return 0;
}

<==
[1/2] Compiling [32mbuild/.conf_check_d9dbbd06a73da7757f3eec279e4e18fc/test.cpp[0m

['/usr/bin/g++', '-O0', '-ggdb', '-g3', '-Wall', '-Werror', '-fno-strict-aliasing', '-fstack-protector', '-fwrapv', '-I/usr/include/python2.7', '-I/usr/include/x86_64-linux-gnu/python2.7', '-DNS3_BUILD_PROFILE_DEBUG', '-DNS3_ASSERT_ENABLE', '-DNS3_LOG_ENABLE', '-DPYTHONDIR="/usr/local/lib/python2.7/dist-packages"', '-DPYTHONARCHDIR="/usr/local/lib/python2.7/dist-packages"', '-DHAVE_PYEMBED=1', '-D_FORTIFY_SOURCE=2', '-DNDEBUG', '../test.cpp', '-c', '-o', '/home/thomas/LTE_Energy_Module_NS3/ns-allinone-3.24.1/ns-3.24.1/build/.conf_check_d9dbbd06a73da7757f3eec279e4e18fc/testbuild/test.cpp.1.o']
[2/2] Linking [33mbuild/.conf_check_d9dbbd06a73da7757f3eec279e4e18fc/testbuild/testprog[0m

['/usr/bin/g++', '-Xlinker', '-export-dynamic', '-Wl,-O1', '-Wl,-Bsymbolic-functions', 'test.cpp.1.o', '-o', '/home/thomas/LTE_Energy_Module_NS3/ns-allinone-3.24.1/ns-3.24.1/build/.conf_check_d9dbbd06a73da7757f3eec279e4e18fc/testbuild/testprog', '-Wl,-Bstatic', '-Wl,-Bdynamic', '-L/usr/lib/python2.7/config-x86_64-linux-gnu', '-L/usr/lib', '-lpthread', '-ldl', '-lutil', '-lm', '-lpython2.7']
yes
------------------------------------------------------------------
Asking python-config for pyext '--cflags --libs --ldflags' flags
['/usr/bin/python-config', '--cflags', '--libs', '--ldflags']
out: -I/usr/include/python2.7 -I/usr/include/x86_64-linux-gnu/python2.7  -fno-strict-aliasing -D_FORTIFY_SOURCE=2 -g -fstack-protector --param=ssp-buffer-size=4 -Wformat -Werror=format-security  -DNDEBUG -g -fwrapv -O2 -Wall -Wstrict-prototypes
-lpthread -ldl  -lutil -lm  -lpython2.7
-L/usr/lib/python2.7/config-x86_64-linux-gnu -L/usr/lib -lpthread -ldl  -lutil -lm  -lpython2.7 -Xlinker -export-dynamic -Wl,-O1 -Wl,-Bsymbolic-functions

yes
------------------------------------------------------------------
Getting pyext flags from python-config
==>

#include <Python.h>
#ifdef __cplusplus
extern "C" {
#endif
	void Py_Initialize(void);
	void Py_Finalize(void);
#ifdef __cplusplus
}
#endif
int main(int argc, char **argv)
{
   (void)argc; (void)argv;
   Py_Initialize();
   Py_Finalize();
   return 0;
}

<==
[1/2] Compiling [32mbuild/.conf_check_32b364d09c9c3d3c66806543af5686c0/test.cpp[0m

['/usr/bin/g++', '-O0', '-ggdb', '-g3', '-Wall', '-Werror', '-fPIC', '-fno-strict-aliasing', '-fstack-protector', '-fwrapv', '-I/usr/include/python2.7', '-I/usr/include/x86_64-linux-gnu/python2.7', '-DNS3_BUILD_PROFILE_DEBUG', '-DNS3_ASSERT_ENABLE', '-DNS3_LOG_ENABLE', '-DPYTHONDIR="/usr/local/lib/python2.7/dist-packages"', '-DPYTHONARCHDIR="/usr/local/lib/python2.7/dist-packages"', '-DHAVE_PYEMBED=1', '-DHAVE_PYEXT=1', '-D_FORTIFY_SOURCE=2', '-DNDEBUG', '../test.cpp', '-c', '-o', '/home/thomas/LTE_Energy_Module_NS3/ns-allinone-3.24.1/ns-3.24.1/build/.conf_check_32b364d09c9c3d3c66806543af5686c0/testbuild/test.cpp.1.o']
[2/2] Linking [33mbuild/.conf_check_32b364d09c9c3d3c66806543af5686c0/testbuild/testprog.so[0m

['/usr/bin/g++', '-shared', '-Xlinker', '-export-dynamic', '-Wl,-O1', '-Wl,-Bsymbolic-functions', 'test.cpp.1.o', '-o', '/home/thomas/LTE_Energy_Module_NS3/ns-allinone-3.24.1/ns-3.24.1/build/.conf_check_32b364d09c9c3d3c66806543af5686c0/testbuild/testprog.so', '-Wl,-Bstatic', '-Wl,-Bdynamic', '-L/usr/lib/python2.7/config-x86_64-linux-gnu', '-L/usr/lib', '-lpthread', '-ldl', '-lutil', '-lm', '-lpython2.7']
yes
------------------------------------------------------------------
Checking for compilation flag -fvisibility=hidden support
==>
int main() { return 0; }
<==
[1/1] Compiling [32mbuild/.conf_check_130cdf8e5a1b68d886a9d29a6a3a03c5/test.cpp[0m

['/usr/bin/g++', '-O0', '-ggdb', '-g3', '-Wall', '-Werror', '-fvisibility=hidden', '-DNS3_BUILD_PROFILE_DEBUG', '-DNS3_ASSERT_ENABLE', '-DNS3_LOG_ENABLE', '-DPYTHONDIR="/usr/local/lib/python2.7/dist-packages"', '-DPYTHONARCHDIR="/usr/local/lib/python2.7/dist-packages"', '-DHAVE_PYEMBED=1', '-DHAVE_PYEXT=1', '-DHAVE_PYTHON_H=1', '../test.cpp', '-c', '-o', '/home/thomas/LTE_Energy_Module_NS3/ns-allinone-3.24.1/ns-3.24.1/build/.conf_check_130cdf8e5a1b68d886a9d29a6a3a03c5/testbuild/test.cpp.1.o']
ok
------------------------------------------------------------------
Checking for compilation flag -Wno-array-bounds support
==>
int main() { return 0; }
<==
[1/1] Compiling [32mbuild/.conf_check_130cdf8e5a1b68d886a9d29a6a3a03c5/test.cpp[0m

['/usr/bin/g++', '-O0', '-ggdb', '-g3', '-Wall', '-Werror', '-Wno-array-bounds', '-DNS3_BUILD_PROFILE_DEBUG', '-DNS3_ASSERT_ENABLE', '-DNS3_LOG_ENABLE', '-DPYTHONDIR="/usr/local/lib/python2.7/dist-packages"', '-DPYTHONARCHDIR="/usr/local/lib/python2.7/dist-packages"', '-DHAVE_PYEMBED=1', '-DHAVE_PYEXT=1', '-DHAVE_PYTHON_H=1', '../test.cpp', '-c', '-o', '/home/thomas/LTE_Energy_Module_NS3/ns-allinone-3.24.1/ns-3.24.1/build/.conf_check_130cdf8e5a1b68d886a9d29a6a3a03c5/testbuild/test.cpp.1.o']
ok
------------------------------------------------------------------
Checking for pybindgen location
../pybindgen-0.17.0.post41+ngd10fa60 (guessed)
------------------------------------------------------------------
Checking for python module 'pybindgen'
['/usr/bin/python', '-c', "\nimport pybindgen as current_module\nversion = getattr(current_module, '__version__', None)\nif version is not None:\n\tprint(str(version))\nelse:\n\tprint('unknown version')\n"]
out: 0.17.0.post41+ngd10fa60

0.17.0.post41+ngd10fa60
------------------------------------------------------------------
Checking for pybindgen version
0.17.0.post41+ngd10fa60
------------------------------------------------------------------
Checking for code snippet
==>

#include <stdint.h>
#include <vector>

int main ()
{
   std::vector< uint64_t > t = std::vector< unsigned long > ();
   return 0;
}

<==
[1/1] Compiling [32mbuild/.conf_check_156f83567db42e61478955760375afb1/test.cpp[0m

['/usr/bin/g++', '-O0', '-ggdb', '-g3', '-Wall', '-Werror', '-DNS3_BUILD_PROFILE_DEBUG', '-DNS3_ASSERT_ENABLE', '-DNS3_LOG_ENABLE', '-DPYTHONDIR="/usr/local/lib/python2.7/dist-packages"', '-DPYTHONARCHDIR="/usr/local/lib/python2.7/dist-packages"', '-DHAVE_PYEMBED=1', '-DHAVE_PYEXT=1', '-DHAVE_PYTHON_H=1', '../test.cpp', '-c', '-o', '/home/thomas/LTE_Energy_Module_NS3/ns-allinone-3.24.1/ns-3.24.1/build/.conf_check_156f83567db42e61478955760375afb1/testbuild/test.cpp.1.o']
yes
------------------------------------------------------------------
Checking for types uint64_t and unsigned long equivalence
no
------------------------------------------------------------------
Checking for code snippet
==>

#include <stdint.h>
#include <vector>

int main ()
{
   std::vector< uint64_t > t = std::vector< unsigned long long > ();
   return 0;
}

<==
[1/1] Compiling [32mbuild/.conf_check_741b106957a41b12a30113fa499571db/test.cpp[0m

['/usr/bin/g++', '-O0', '-ggdb', '-g3', '-Wall', '-Werror', '-DNS3_BUILD_PROFILE_DEBUG', '-DNS3_ASSERT_ENABLE', '-DNS3_LOG_ENABLE', '-DPYTHONDIR="/usr/local/lib/python2.7/dist-packages"', '-DPYTHONARCHDIR="/usr/local/lib/python2.7/dist-packages"', '-DHAVE_PYEMBED=1', '-DHAVE_PYEXT=1', '-DHAVE_PYTHON_H=1', '../test.cpp', '-c', '-o', '/home/thomas/LTE_Energy_Module_NS3/ns-allinone-3.24.1/ns-3.24.1/build/.conf_check_741b106957a41b12a30113fa499571db/testbuild/test.cpp.1.o']
err: ../test.cpp: In function ‘int main()’:
../test.cpp:7:67: error: conversion from ‘std::vector<long long unsigned int>’ to non-scalar type ‘std::vector<long unsigned int>’ requested
    std::vector< uint64_t > t = std::vector< unsigned long long > ();
                                                                   ^

from /home/thomas/LTE_Energy_Module_NS3/ns-allinone-3.24.1/ns-3.24.1/bindings/python: Test does not build: Traceback (most recent call last):
  File "/home/thomas/LTE_Energy_Module_NS3/ns-allinone-3.24.1/ns-3.24.1/.waf-1.8.12-f00e5b53f6bbeab1384a38c9cc5d51f7/waflib/Configure.py", line 339, in run_build
    bld.compile()
  File "/home/thomas/LTE_Energy_Module_NS3/ns-allinone-3.24.1/ns-3.24.1/.waf-1.8.12-f00e5b53f6bbeab1384a38c9cc5d51f7/waflib/Build.py", line 182, in compile
    raise Errors.BuildError(self.producer.error)
BuildError: Build failed
 -> task in 'testprog' failed (exit status 1): 
	{task 140473547455504: cxx test.cpp -> test.cpp.1.o}
['/usr/bin/g++', '-O0', '-ggdb', '-g3', '-Wall', '-Werror', '-DNS3_BUILD_PROFILE_DEBUG', '-DNS3_ASSERT_ENABLE', '-DNS3_LOG_ENABLE', '-DPYTHONDIR="/usr/local/lib/python2.7/dist-packages"', '-DPYTHONARCHDIR="/usr/local/lib/python2.7/dist-packages"', '-DHAVE_PYEMBED=1', '-DHAVE_PYEXT=1', '-DHAVE_PYTHON_H=1', '../test.cpp', '-c', '-o', '/home/thomas/LTE_Energy_Module_NS3/ns-allinone-3.24.1/ns-3.24.1/build/.conf_check_741b106957a41b12a30113fa499571db/testbuild/test.cpp.1.o']

no
from /home/thomas/LTE_Energy_Module_NS3/ns-allinone-3.24.1/ns-3.24.1/bindings/python: The configuration failed
------------------------------------------------------------------
Checking for types uint64_t and unsigned long long equivalence
yes
------------------------------------------------------------------
Checking for the apidefs that can be used for Python bindings
gcc-LP64
------------------------------------------------------------------
Checking for internal GCC cxxabi
==>

# include <cxxabi.h>
int main ()
{
   const abi::__si_class_type_info *_typeinfo  __attribute__((unused)) = NULL;
   return 0;
}

<==
[1/2] Compiling [32mbuild/.conf_check_6e72ddb69d2d25f01077e964fdcb2fa7/test.cpp[0m

['/usr/bin/g++', '-O0', '-ggdb', '-g3', '-Wall', '-Werror', '-DNS3_BUILD_PROFILE_DEBUG', '-DNS3_ASSERT_ENABLE', '-DNS3_LOG_ENABLE', '-DPYTHONDIR="/usr/local/lib/python2.7/dist-packages"', '-DPYTHONARCHDIR="/usr/local/lib/python2.7/dist-packages"', '-DHAVE_PYEMBED=1', '-DHAVE_PYEXT=1', '-DHAVE_PYTHON_H=1', '../test.cpp', '-c', '-o', '/home/thomas/LTE_Energy_Module_NS3/ns-allinone-3.24.1/ns-3.24.1/build/.conf_check_6e72ddb69d2d25f01077e964fdcb2fa7/testbuild/test.cpp.1.o']
[2/2] Linking [33mbuild/.conf_check_6e72ddb69d2d25f01077e964fdcb2fa7/testbuild/testprog[0m

['/usr/bin/g++', 'test.cpp.1.o', '-o', '/home/thomas/LTE_Energy_Module_NS3/ns-allinone-3.24.1/ns-3.24.1/build/.conf_check_6e72ddb69d2d25f01077e964fdcb2fa7/testbuild/testprog', '-Wl,-Bstatic', '-Wl,-Bdynamic']
complete
------------------------------------------------------------------
Checking for python module 'pygccxml'
['/usr/bin/python', '-c', "\nimport pygccxml as current_module\nversion = getattr(current_module, '__version__', None)\nif version is not None:\n\tprint(str(version))\nelse:\n\tprint('unknown version')\n"]
out: 1.0.0

1.0.0
------------------------------------------------------------------
Checking for pygccxml version
1.0.0
------------------------------------------------------------------
Checking for program 'gccxml'
/usr/bin/gccxml
find program=['gccxml'] paths=['/usr/local/sbin', '/usr/local/bin', '/usr/sbin', '/usr/bin', '/sbin', '/bin', '/usr/games', '/usr/local/games'] var='GCCXML' -> ['/usr/bin/gccxml']
------------------------------------------------------------------
Checking for gccxml version
0.9.0
------------------------------------------------------------------
Checking boost includes
1_54
------------------------------------------------------------------
Checking boost libs
Found the boost path in /usr/lib/x86_64-linux-gnu with the libraries:
    /usr/lib/x86_64-linux-gnu/libboost_atomic.a
    /usr/lib/x86_64-linux-gnu/libboost_atomic.so
    /usr/lib/x86_64-linux-gnu/libboost_atomic.so.1.54.0
    /usr/lib/x86_64-linux-gnu/libboost_chrono.a
    /usr/lib/x86_64-linux-gnu/libboost_chrono.so
    /usr/lib/x86_64-linux-gnu/libboost_chrono.so.1.54.0
    /usr/lib/x86_64-linux-gnu/libboost_context.a
    /usr/lib/x86_64-linux-gnu/libboost_context.so
    /usr/lib/x86_64-linux-gnu/libboost_context.so.1.54.0
    /usr/lib/x86_64-linux-gnu/libboost_coroutine.a
    /usr/lib/x86_64-linux-gnu/libboost_date_time.a
    /usr/lib/x86_64-linux-gnu/libboost_date_time.so
    /usr/lib/x86_64-linux-gnu/libboost_date_time.so.1.54.0
    /usr/lib/x86_64-linux-gnu/libboost_exception.a
    /usr/lib/x86_64-linux-gnu/libboost_filesystem.a
    /usr/lib/x86_64-linux-gnu/libboost_filesystem.so
    /usr/lib/x86_64-linux-gnu/libboost_filesystem.so.1.54.0
    /usr/lib/x86_64-linux-gnu/libboost_graph.a
    /usr/lib/x86_64-linux-gnu/libboost_graph.so
    /usr/lib/x86_64-linux-gnu/libboost_graph.so.1.54.0
    /usr/lib/x86_64-linux-gnu/libboost_graph_parallel.a
    /usr/lib/x86_64-linux-gnu/libboost_graph_parallel.so
    /usr/lib/x86_64-linux-gnu/libboost_graph_parallel.so.1.54.0
    /usr/lib/x86_64-linux-gnu/libboost_iostreams.a
    /usr/lib/x86_64-linux-gnu/libboost_iostreams.so
    /usr/lib/x86_64-linux-gnu/libboost_iostreams.so.1.54.0
    /usr/lib/x86_64-linux-gnu/libboost_locale.a
    /usr/lib/x86_64-linux-gnu/libboost_locale.so
    /usr/lib/x86_64-linux-gnu/libboost_locale.so.1.54.0
    /usr/lib/x86_64-linux-gnu/libboost_log.a
    /usr/lib/x86_64-linux-gnu/libboost_log.so
    /usr/lib/x86_64-linux-gnu/libboost_log.so.1.54.0
    /usr/lib/x86_64-linux-gnu/libboost_log_setup.a
    /usr/lib/x86_64-linux-gnu/libboost_log_setup.so
    /usr/lib/x86_64-linux-gnu/libboost_log_setup.so.1.54.0
    /usr/lib/x86_64-linux-gnu/libboost_math_c99.a
    /usr/lib/x86_64-linux-gnu/libboost_math_c99.so
    /usr/lib/x86_64-linux-gnu/libboost_math_c99.so.1.54.0
    /usr/lib/x86_64-linux-gnu/libboost_math_c99f.a
    /usr/lib/x86_64-linux-gnu/libboost_math_c99f.so
    /usr/lib/x86_64-linux-gnu/libboost_math_c99f.so.1.54.0
    /usr/lib/x86_64-linux-gnu/libboost_math_c99l.a
    /usr/lib/x86_64-linux-gnu/libboost_math_c99l.so
    /usr/lib/x86_64-linux-gnu/libboost_math_c99l.so.1.54.0
    /usr/lib/x86_64-linux-gnu/libboost_math_tr1.a
    /usr/lib/x86_64-linux-gnu/libboost_math_tr1.so
    /usr/lib/x86_64-linux-gnu/libboost_math_tr1.so.1.54.0
    /usr/lib/x86_64-linux-gnu/libboost_math_tr1f.a
    /usr/lib/x86_64-linux-gnu/libboost_math_tr1f.so
    /usr/lib/x86_64-linux-gnu/libboost_math_tr1f.so.1.54.0
    /usr/lib/x86_64-linux-gnu/libboost_math_tr1l.a
    /usr/lib/x86_64-linux-gnu/libboost_math_tr1l.so
    /usr/lib/x86_64-linux-gnu/libboost_math_tr1l.so.1.54.0
    /usr/lib/x86_64-linux-gnu/libboost_mpi.a
    /usr/lib/x86_64-linux-gnu/libboost_mpi.so
    /usr/lib/x86_64-linux-gnu/libboost_mpi.so.1.54.0
    /usr/lib/x86_64-linux-gnu/libboost_mpi_python-py27.a
    /usr/lib/x86_64-linux-gnu/libboost_mpi_python-py27.so
    /usr/lib/x86_64-linux-gnu/libboost_mpi_python-py27.so.1.54.0
    /usr/lib/x86_64-linux-gnu/libboost_mpi_python-py34.a
    /usr/lib/x86_64-linux-gnu/libboost_mpi_python-py34.so
    /usr/lib/x86_64-linux-gnu/libboost_mpi_python-py34.so.1.54.0
    /usr/lib/x86_64-linux-gnu/libboost_mpi_python.a
    /usr/lib/x86_64-linux-gnu/libboost_mpi_python.so
    /usr/lib/x86_64-linux-gnu/libboost_prg_exec_monitor.a
    /usr/lib/x86_64-linux-gnu/libboost_prg_exec_monitor.so
    /usr/lib/x86_64-linux-gnu/libboost_prg_exec_monitor.so.1.54.0
    /usr/lib/x86_64-linux-gnu/libboost_program_options.a
    /usr/lib/x86_64-linux-gnu/libboost_program_options.so
    /usr/lib/x86_64-linux-gnu/libboost_program_options.so.1.54.0
    /usr/lib/x86_64-linux-gnu/libboost_python-py27.a
    /usr/lib/x86_64-linux-gnu/libboost_python-py27.so
    /usr/lib/x86_64-linux-gnu/libboost_python-py27.so.1.54.0
    /usr/lib/x86_64-linux-gnu/libboost_python-py34.a
    /usr/lib/x86_64-linux-gnu/libboost_python-py34.so
    /usr/lib/x86_64-linux-gnu/libboost_python-py34.so.1.54.0
    /usr/lib/x86_64-linux-gnu/libboost_python.a
    /usr/lib/x86_64-linux-gnu/libboost_python.so
    /usr/lib/x86_64-linux-gnu/libboost_random.a
    /usr/lib/x86_64-linux-gnu/libboost_random.so
    /usr/lib/x86_64-linux-gnu/libboost_random.so.1.54.0
    /usr/lib/x86_64-linux-gnu/libboost_regex.a
    /usr/lib/x86_64-linux-gnu/libboost_regex.so
    /usr/lib/x86_64-linux-gnu/libboost_regex.so.1.54.0
    /usr/lib/x86_64-linux-gnu/libboost_serialization.a
    /usr/lib/x86_64-linux-gnu/libboost_serialization.so
    /usr/lib/x86_64-linux-gnu/libboost_serialization.so.1.54.0
    /usr/lib/x86_64-linux-gnu/libboost_signals.a
    /usr/lib/x86_64-linux-gnu/libboost_signals.so
    /usr/lib/x86_64-linux-gnu/libboost_signals.so.1.54.0
    /usr/lib/x86_64-linux-gnu/libboost_system.a
    /usr/lib/x86_64-linux-gnu/libboost_system.so
    /usr/lib/x86_64-linux-gnu/libboost_system.so.1.54.0
    /usr/lib/x86_64-linux-gnu/libboost_test_exec_monitor.a
    /usr/lib/x86_64-linux-gnu/libboost_thread.a
    /usr/lib/x86_64-linux-gnu/libboost_thread.so
    /usr/lib/x86_64-linux-gnu/libboost_thread.so.1.54.0
    /usr/lib/x86_64-linux-gnu/libboost_timer.a
    /usr/lib/x86_64-linux-gnu/libboost_timer.so
    /usr/lib/x86_64-linux-gnu/libboost_timer.so.1.54.0
    /usr/lib/x86_64-linux-gnu/libboost_unit_test_framework.a
    /usr/lib/x86_64-linux-gnu/libboost_unit_test_framework.so
    /usr/lib/x86_64-linux-gnu/libboost_unit_test_framework.so.1.54.0
    /usr/lib/x86_64-linux-gnu/libboost_wave.a
    /usr/lib/x86_64-linux-gnu/libboost_wave.so
    /usr/lib/x86_64-linux-gnu/libboost_wave.so.1.54.0
    /usr/lib/x86_64-linux-gnu/libboost_wserialization.a
    /usr/lib/x86_64-linux-gnu/libboost_wserialization.so
    /usr/lib/x86_64-linux-gnu/libboost_wserialization.so.1.54.0
Trying pattern boost_system(-gcc[0-9]{0,3})-1_54.so$
Trying pattern boost_system-1_54.so$
Trying pattern boost_system(-gcc[0-9]{0,3}).so$
Trying pattern boost_system.so$
Found boost lib libboost_system.so
Trying pattern boost_signals(-gcc[0-9]{0,3})-1_54.so$
Trying pattern boost_signals-1_54.so$
Trying pattern boost_signals(-gcc[0-9]{0,3}).so$
Trying pattern boost_signals.so$
Found boost lib libboost_signals.so
Trying pattern boost_filesystem(-gcc[0-9]{0,3})-1_54.so$
Trying pattern boost_filesystem-1_54.so$
Trying pattern boost_filesystem(-gcc[0-9]{0,3}).so$
Trying pattern boost_filesystem.so$
Found boost lib libboost_filesystem.so
ok
------------------------------------------------------------------
Checking for boost linkage
==>

#include <boost/system/error_code.hpp>
int main() { boost::system::error_code c; }

<==
[1/2] Compiling [32mbuild/.conf_check_cc46f3d56b9582bc23c6ab7ec4238f81/test.cpp[0m

['/usr/bin/g++', '-O0', '-ggdb', '-g3', '-Wall', '-Werror', '-I/usr/include', '-DNS3_BUILD_PROFILE_DEBUG', '-DNS3_ASSERT_ENABLE', '-DNS3_LOG_ENABLE', '-DPYTHONDIR="/usr/local/lib/python2.7/dist-packages"', '-DPYTHONARCHDIR="/usr/local/lib/python2.7/dist-packages"', '-DHAVE_PYEMBED=1', '-DHAVE_PYEXT=1', '-DHAVE_PYTHON_H=1', '../test.cpp', '-c', '-o', '/home/thomas/LTE_Energy_Module_NS3/ns-allinone-3.24.1/ns-3.24.1/build/.conf_check_cc46f3d56b9582bc23c6ab7ec4238f81/testbuild/test.cpp.1.o']
[2/2] Linking [33mbuild/.conf_check_cc46f3d56b9582bc23c6ab7ec4238f81/testbuild/testprog[0m

['/usr/bin/g++', 'test.cpp.1.o', '-o', '/home/thomas/LTE_Energy_Module_NS3/ns-allinone-3.24.1/ns-3.24.1/build/.conf_check_cc46f3d56b9582bc23c6ab7ec4238f81/testbuild/testprog', '-Wl,-Bstatic', '-L/usr/lib/x86_64-linux-gnu', '-Wl,-Bdynamic', '-L/usr/lib/x86_64-linux-gnu', '-lboost_system', '-lboost_signals', '-lboost_filesystem']
ok
------------------------------------------------------------------
Checking for click location
not found
------------------------------------------------------------------
Checking for program 'pkg-config'
/usr/bin/pkg-config
find program=['pkg-config'] paths=['/usr/local/sbin', '/usr/local/bin', '/usr/sbin', '/usr/bin', '/sbin', '/bin', '/usr/games', '/usr/local/games'] var='PKGCONFIG' -> ['/usr/bin/pkg-config']
------------------------------------------------------------------
Checking for 'gtk+-2.0' >= 2.12
['/usr/bin/pkg-config', '--atleast-version=2.12', 'gtk+-2.0']
['/usr/bin/pkg-config', '--cflags', '--libs', 'gtk+-2.0']
out: -pthread -I/usr/include/gtk-2.0 -I/usr/lib/x86_64-linux-gnu/gtk-2.0/include -I/usr/include/atk-1.0 -I/usr/include/cairo -I/usr/include/gdk-pixbuf-2.0 -I/usr/include/pango-1.0 -I/usr/include/gio-unix-2.0/ -I/usr/include/freetype2 -I/usr/include/glib-2.0 -I/usr/lib/x86_64-linux-gnu/glib-2.0/include -I/usr/include/pixman-1 -I/usr/include/libpng12 -I/usr/include/harfbuzz  -lgtk-x11-2.0 -lgdk-x11-2.0 -latk-1.0 -lgio-2.0 -lpangoft2-1.0 -lpangocairo-1.0 -lgdk_pixbuf-2.0 -lcairo -lpango-1.0 -lfontconfig -lgobject-2.0 -lglib-2.0 -lfreetype  

yes
------------------------------------------------------------------
Checking for 'libxml-2.0' >= 2.7
['/usr/bin/pkg-config', '--atleast-version=2.7', 'libxml-2.0']
['/usr/bin/pkg-config', '--cflags', '--libs', 'libxml-2.0']
out: -I/usr/include/libxml2  -lxml2  

yes
------------------------------------------------------------------
Checking for type uint128_t
==>
#include <stdint.h>

int main(int argc, char **argv) {
	(void)argc; (void)argv;
	if ((uint128_t *) 0) return 0;
	if (sizeof (uint128_t)) return 0;
	return 1;
}

<==
[1/2] Compiling [32mbuild/.conf_check_a6fd92de3895e21a194e2c698150b8e4/test.cpp[0m

['/usr/bin/g++', '-O0', '-ggdb', '-g3', '-Wall', '-Werror', '-DNS3_BUILD_PROFILE_DEBUG', '-DNS3_ASSERT_ENABLE', '-DNS3_LOG_ENABLE', '../test.cpp', '-c', '-o', '/home/thomas/LTE_Energy_Module_NS3/ns-allinone-3.24.1/ns-3.24.1/build/.conf_check_a6fd92de3895e21a194e2c698150b8e4/testbuild/test.cpp.1.o']
err: ../test.cpp: In function ‘int main(int, char**)’:
../test.cpp:5:7: error: ‘uint128_t’ was not declared in this scope
  if ((uint128_t *) 0) return 0;
       ^
../test.cpp:5:18: error: expected primary-expression before ‘)’ token
  if ((uint128_t *) 0) return 0;
                  ^
../test.cpp:5:20: error: expected ‘)’ before numeric constant
  if ((uint128_t *) 0) return 0;
                    ^
../test.cpp:6:14: error: ‘uint128_t’ was not declared in this scope
  if (sizeof (uint128_t)) return 0;
              ^

from /home/thomas/LTE_Energy_Module_NS3/ns-allinone-3.24.1/ns-3.24.1/src/core: Test does not build: Traceback (most recent call last):
  File "/home/thomas/LTE_Energy_Module_NS3/ns-allinone-3.24.1/ns-3.24.1/.waf-1.8.12-f00e5b53f6bbeab1384a38c9cc5d51f7/waflib/Configure.py", line 339, in run_build
    bld.compile()
  File "/home/thomas/LTE_Energy_Module_NS3/ns-allinone-3.24.1/ns-3.24.1/.waf-1.8.12-f00e5b53f6bbeab1384a38c9cc5d51f7/waflib/Build.py", line 182, in compile
    raise Errors.BuildError(self.producer.error)
BuildError: Build failed
 -> task in 'testprog' failed (exit status 1): 
	{task 140473547551952: cxx test.cpp -> test.cpp.1.o}
['/usr/bin/g++', '-O0', '-ggdb', '-g3', '-Wall', '-Werror', '-DNS3_BUILD_PROFILE_DEBUG', '-DNS3_ASSERT_ENABLE', '-DNS3_LOG_ENABLE', '../test.cpp', '-c', '-o', '/home/thomas/LTE_Energy_Module_NS3/ns-allinone-3.24.1/ns-3.24.1/build/.conf_check_a6fd92de3895e21a194e2c698150b8e4/testbuild/test.cpp.1.o']

not found
from /home/thomas/LTE_Energy_Module_NS3/ns-allinone-3.24.1/ns-3.24.1/src/core: The configuration failed
------------------------------------------------------------------
Checking for type __uint128_t
==>
#include <stdint.h>

int main(int argc, char **argv) {
	(void)argc; (void)argv;
	if ((__uint128_t *) 0) return 0;
	if (sizeof (__uint128_t)) return 0;
	return 1;
}

<==
[1/2] Compiling [32mbuild/.conf_check_77568cd6b254507623827ffe0d6219b2/test.cpp[0m

['/usr/bin/g++', '-O0', '-ggdb', '-g3', '-Wall', '-Werror', '-DNS3_BUILD_PROFILE_DEBUG', '-DNS3_ASSERT_ENABLE', '-DNS3_LOG_ENABLE', '../test.cpp', '-c', '-o', '/home/thomas/LTE_Energy_Module_NS3/ns-allinone-3.24.1/ns-3.24.1/build/.conf_check_77568cd6b254507623827ffe0d6219b2/testbuild/test.cpp.1.o']
[2/2] Linking [33mbuild/.conf_check_77568cd6b254507623827ffe0d6219b2/testbuild/testprog[0m

['/usr/bin/g++', 'test.cpp.1.o', '-o', '/home/thomas/LTE_Energy_Module_NS3/ns-allinone-3.24.1/ns-3.24.1/build/.conf_check_77568cd6b254507623827ffe0d6219b2/testbuild/testprog', '-Wl,-Bstatic', '-Wl,-Bdynamic']
yes
------------------------------------------------------------------
Checking high precision implementation
128-bit integer (default)
------------------------------------------------------------------
Checking for header stdint.h
==>
#include <stdint.h>

int main(int argc, char **argv) {
	(void)argc; (void)argv;
	return 0;
}

<==
[1/2] Compiling [32mbuild/.conf_check_2da798b367693ce00578fcf4121b200d/test.cpp[0m

['/usr/bin/g++', '-O0', '-ggdb', '-g3', '-Wall', '-Werror', '-DNS3_BUILD_PROFILE_DEBUG', '-DNS3_ASSERT_ENABLE', '-DNS3_LOG_ENABLE', '-DHAVE___UINT128_T=1', '-DINT64X64_USE_128=1', '../test.cpp', '-c', '-o', '/home/thomas/LTE_Energy_Module_NS3/ns-allinone-3.24.1/ns-3.24.1/build/.conf_check_2da798b367693ce00578fcf4121b200d/testbuild/test.cpp.1.o']
[2/2] Linking [33mbuild/.conf_check_2da798b367693ce00578fcf4121b200d/testbuild/testprog[0m

['/usr/bin/g++', 'test.cpp.1.o', '-o', '/home/thomas/LTE_Energy_Module_NS3/ns-allinone-3.24.1/ns-3.24.1/build/.conf_check_2da798b367693ce00578fcf4121b200d/testbuild/testprog', '-Wl,-Bstatic', '-Wl,-Bdynamic']
yes
------------------------------------------------------------------
Checking for header inttypes.h
==>
#include <inttypes.h>

int main(int argc, char **argv) {
	(void)argc; (void)argv;
	return 0;
}

<==
[1/2] Compiling [32mbuild/.conf_check_cb8737d625a2eb716e5d67c8042e2ca3/test.cpp[0m

['/usr/bin/g++', '-O0', '-ggdb', '-g3', '-Wall', '-Werror', '-DNS3_BUILD_PROFILE_DEBUG', '-DNS3_ASSERT_ENABLE', '-DNS3_LOG_ENABLE', '-DHAVE___UINT128_T=1', '-DINT64X64_USE_128=1', '-DHAVE_STDINT_H=1', '../test.cpp', '-c', '-o', '/home/thomas/LTE_Energy_Module_NS3/ns-allinone-3.24.1/ns-3.24.1/build/.conf_check_cb8737d625a2eb716e5d67c8042e2ca3/testbuild/test.cpp.1.o']
[2/2] Linking [33mbuild/.conf_check_cb8737d625a2eb716e5d67c8042e2ca3/testbuild/testprog[0m

['/usr/bin/g++', 'test.cpp.1.o', '-o', '/home/thomas/LTE_Energy_Module_NS3/ns-allinone-3.24.1/ns-3.24.1/build/.conf_check_cb8737d625a2eb716e5d67c8042e2ca3/testbuild/testprog', '-Wl,-Bstatic', '-Wl,-Bdynamic']
yes
------------------------------------------------------------------
Checking for header sys/inttypes.h
==>
#include <sys/inttypes.h>

int main(int argc, char **argv) {
	(void)argc; (void)argv;
	return 0;
}

<==
[1/2] Compiling [32mbuild/.conf_check_4ea67b8db422dc7f4731d123b01753f7/test.cpp[0m

['/usr/bin/g++', '-O0', '-ggdb', '-g3', '-Wall', '-Werror', '-DNS3_BUILD_PROFILE_DEBUG', '-DNS3_ASSERT_ENABLE', '-DNS3_LOG_ENABLE', '-DHAVE___UINT128_T=1', '-DINT64X64_USE_128=1', '-DHAVE_STDINT_H=1', '-DHAVE_INTTYPES_H=1', '../test.cpp', '-c', '-o', '/home/thomas/LTE_Energy_Module_NS3/ns-allinone-3.24.1/ns-3.24.1/build/.conf_check_4ea67b8db422dc7f4731d123b01753f7/testbuild/test.cpp.1.o']
err: ../test.cpp:1:26: fatal error: sys/inttypes.h: No such file or directory
 #include <sys/inttypes.h>
                          ^
compilation terminated.

from /home/thomas/LTE_Energy_Module_NS3/ns-allinone-3.24.1/ns-3.24.1/src/core: Test does not build: Traceback (most recent call last):
  File "/home/thomas/LTE_Energy_Module_NS3/ns-allinone-3.24.1/ns-3.24.1/.waf-1.8.12-f00e5b53f6bbeab1384a38c9cc5d51f7/waflib/Configure.py", line 339, in run_build
    bld.compile()
  File "/home/thomas/LTE_Energy_Module_NS3/ns-allinone-3.24.1/ns-3.24.1/.waf-1.8.12-f00e5b53f6bbeab1384a38c9cc5d51f7/waflib/Build.py", line 182, in compile
    raise Errors.BuildError(self.producer.error)
BuildError: Build failed
 -> task in 'testprog' failed (exit status 1): 
	{task 140473551377552: cxx test.cpp -> test.cpp.1.o}
['/usr/bin/g++', '-O0', '-ggdb', '-g3', '-Wall', '-Werror', '-DNS3_BUILD_PROFILE_DEBUG', '-DNS3_ASSERT_ENABLE', '-DNS3_LOG_ENABLE', '-DHAVE___UINT128_T=1', '-DINT64X64_USE_128=1', '-DHAVE_STDINT_H=1', '-DHAVE_INTTYPES_H=1', '../test.cpp', '-c', '-o', '/home/thomas/LTE_Energy_Module_NS3/ns-allinone-3.24.1/ns-3.24.1/build/.conf_check_4ea67b8db422dc7f4731d123b01753f7/testbuild/test.cpp.1.o']

not found
from /home/thomas/LTE_Energy_Module_NS3/ns-allinone-3.24.1/ns-3.24.1/src/core: The configuration failed
------------------------------------------------------------------
Checking for header sys/types.h
==>
#include <sys/types.h>

int main(int argc, char **argv) {
	(void)argc; (void)argv;
	return 0;
}

<==
[1/2] Compiling [32mbuild/.conf_check_7fc29e65963dbe2621e454a99660a126/test.cpp[0m

['/usr/bin/g++', '-O0', '-ggdb', '-g3', '-Wall', '-Werror', '-DNS3_BUILD_PROFILE_DEBUG', '-DNS3_ASSERT_ENABLE', '-DNS3_LOG_ENABLE', '-DHAVE___UINT128_T=1', '-DINT64X64_USE_128=1', '-DHAVE_STDINT_H=1', '-DHAVE_INTTYPES_H=1', '../test.cpp', '-c', '-o', '/home/thomas/LTE_Energy_Module_NS3/ns-allinone-3.24.1/ns-3.24.1/build/.conf_check_7fc29e65963dbe2621e454a99660a126/testbuild/test.cpp.1.o']
[2/2] Linking [33mbuild/.conf_check_7fc29e65963dbe2621e454a99660a126/testbuild/testprog[0m

['/usr/bin/g++', 'test.cpp.1.o', '-o', '/home/thomas/LTE_Energy_Module_NS3/ns-allinone-3.24.1/ns-3.24.1/build/.conf_check_7fc29e65963dbe2621e454a99660a126/testbuild/testprog', '-Wl,-Bstatic', '-Wl,-Bdynamic']
yes
------------------------------------------------------------------
Checking for header sys/stat.h
==>
#include <sys/stat.h>

int main(int argc, char **argv) {
	(void)argc; (void)argv;
	return 0;
}

<==
[1/2] Compiling [32mbuild/.conf_check_6089317a0ad6d9706b67e84a0c787f67/test.cpp[0m

['/usr/bin/g++', '-O0', '-ggdb', '-g3', '-Wall', '-Werror', '-DNS3_BUILD_PROFILE_DEBUG', '-DNS3_ASSERT_ENABLE', '-DNS3_LOG_ENABLE', '-DHAVE___UINT128_T=1', '-DINT64X64_USE_128=1', '-DHAVE_STDINT_H=1', '-DHAVE_INTTYPES_H=1', '-DHAVE_SYS_TYPES_H=1', '../test.cpp', '-c', '-o', '/home/thomas/LTE_Energy_Module_NS3/ns-allinone-3.24.1/ns-3.24.1/build/.conf_check_6089317a0ad6d9706b67e84a0c787f67/testbuild/test.cpp.1.o']
[2/2] Linking [33mbuild/.conf_check_6089317a0ad6d9706b67e84a0c787f67/testbuild/testprog[0m

['/usr/bin/g++', 'test.cpp.1.o', '-o', '/home/thomas/LTE_Energy_Module_NS3/ns-allinone-3.24.1/ns-3.24.1/build/.conf_check_6089317a0ad6d9706b67e84a0c787f67/testbuild/testprog', '-Wl,-Bstatic', '-Wl,-Bdynamic']
yes
------------------------------------------------------------------
Checking for header dirent.h
==>
#include <dirent.h>

int main(int argc, char **argv) {
	(void)argc; (void)argv;
	return 0;
}

<==
[1/2] Compiling [32mbuild/.conf_check_ba9e40a12cde54dd739599ad2adc047a/test.cpp[0m

['/usr/bin/g++', '-O0', '-ggdb', '-g3', '-Wall', '-Werror', '-DNS3_BUILD_PROFILE_DEBUG', '-DNS3_ASSERT_ENABLE', '-DNS3_LOG_ENABLE', '-DHAVE___UINT128_T=1', '-DINT64X64_USE_128=1', '-DHAVE_STDINT_H=1', '-DHAVE_INTTYPES_H=1', '-DHAVE_SYS_TYPES_H=1', '-DHAVE_SYS_STAT_H=1', '../test.cpp', '-c', '-o', '/home/thomas/LTE_Energy_Module_NS3/ns-allinone-3.24.1/ns-3.24.1/build/.conf_check_ba9e40a12cde54dd739599ad2adc047a/testbuild/test.cpp.1.o']
[2/2] Linking [33mbuild/.conf_check_ba9e40a12cde54dd739599ad2adc047a/testbuild/testprog[0m

['/usr/bin/g++', 'test.cpp.1.o', '-o', '/home/thomas/LTE_Energy_Module_NS3/ns-allinone-3.24.1/ns-3.24.1/build/.conf_check_ba9e40a12cde54dd739599ad2adc047a/testbuild/testprog', '-Wl,-Bstatic', '-Wl,-Bdynamic']
yes
------------------------------------------------------------------
Checking for header stdlib.h
==>
#include <stdlib.h>

int main(int argc, char **argv) {
	(void)argc; (void)argv;
	return 0;
}

<==
[1/2] Compiling [32mbuild/.conf_check_a7acbee220f32a131f8013027269f7ce/test.cpp[0m

['/usr/bin/g++', '-O0', '-ggdb', '-g3', '-Wall', '-Werror', '-DNS3_BUILD_PROFILE_DEBUG', '-DNS3_ASSERT_ENABLE', '-DNS3_LOG_ENABLE', '-DHAVE___UINT128_T=1', '-DINT64X64_USE_128=1', '-DHAVE_STDINT_H=1', '-DHAVE_INTTYPES_H=1', '-DHAVE_SYS_TYPES_H=1', '-DHAVE_SYS_STAT_H=1', '-DHAVE_DIRENT_H=1', '../test.cpp', '-c', '-o', '/home/thomas/LTE_Energy_Module_NS3/ns-allinone-3.24.1/ns-3.24.1/build/.conf_check_a7acbee220f32a131f8013027269f7ce/testbuild/test.cpp.1.o']
[2/2] Linking [33mbuild/.conf_check_a7acbee220f32a131f8013027269f7ce/testbuild/testprog[0m

['/usr/bin/g++', 'test.cpp.1.o', '-o', '/home/thomas/LTE_Energy_Module_NS3/ns-allinone-3.24.1/ns-3.24.1/build/.conf_check_a7acbee220f32a131f8013027269f7ce/testbuild/testprog', '-Wl,-Bstatic', '-Wl,-Bdynamic']
yes
------------------------------------------------------------------
Checking for header signal.h
==>
#include <signal.h>

int main(int argc, char **argv) {
	(void)argc; (void)argv;
	return 0;
}

<==
[1/2] Compiling [32mbuild/.conf_check_66bf0f27bf9dda6e24896d98959a5b34/test.cpp[0m

['/usr/bin/g++', '-O0', '-ggdb', '-g3', '-Wall', '-Werror', '-DNS3_BUILD_PROFILE_DEBUG', '-DNS3_ASSERT_ENABLE', '-DNS3_LOG_ENABLE', '-DHAVE___UINT128_T=1', '-DINT64X64_USE_128=1', '-DHAVE_STDINT_H=1', '-DHAVE_INTTYPES_H=1', '-DHAVE_SYS_TYPES_H=1', '-DHAVE_SYS_STAT_H=1', '-DHAVE_DIRENT_H=1', '-DHAVE_STDLIB_H=1', '-DHAVE_GETENV=1', '../test.cpp', '-c', '-o', '/home/thomas/LTE_Energy_Module_NS3/ns-allinone-3.24.1/ns-3.24.1/build/.conf_check_66bf0f27bf9dda6e24896d98959a5b34/testbuild/test.cpp.1.o']
[2/2] Linking [33mbuild/.conf_check_66bf0f27bf9dda6e24896d98959a5b34/testbuild/testprog[0m

['/usr/bin/g++', 'test.cpp.1.o', '-o', '/home/thomas/LTE_Energy_Module_NS3/ns-allinone-3.24.1/ns-3.24.1/build/.conf_check_66bf0f27bf9dda6e24896d98959a5b34/testbuild/testprog', '-Wl,-Bstatic', '-Wl,-Bdynamic']
yes
------------------------------------------------------------------
Checking for header pthread.h
==>

#include <pthread.h>
int main ()
{
   pthread_mutex_t m;
   pthread_mutex_init (&m, NULL);
   return 0;
}

<==
[1/2] Compiling [32mbuild/.conf_check_b71aba1a65aaa57bff1f71779434b947/test.cpp[0m

['/usr/bin/g++', '-O0', '-ggdb', '-g3', '-Wall', '-Werror', '-pthread', '-DNS3_BUILD_PROFILE_DEBUG', '-DNS3_ASSERT_ENABLE', '-DNS3_LOG_ENABLE', '-DHAVE___UINT128_T=1', '-DINT64X64_USE_128=1', '-DHAVE_STDINT_H=1', '-DHAVE_INTTYPES_H=1', '-DHAVE_SYS_TYPES_H=1', '-DHAVE_SYS_STAT_H=1', '-DHAVE_DIRENT_H=1', '-DHAVE_STDLIB_H=1', '-DHAVE_GETENV=1', '-DHAVE_SIGNAL_H=1', '../test.cpp', '-c', '-o', '/home/thomas/LTE_Energy_Module_NS3/ns-allinone-3.24.1/ns-3.24.1/build/.conf_check_b71aba1a65aaa57bff1f71779434b947/testbuild/test.cpp.1.o']
[2/2] Linking [33mbuild/.conf_check_b71aba1a65aaa57bff1f71779434b947/testbuild/testprog[0m

['/usr/bin/g++', '-pthread', 'test.cpp.1.o', '-o', '/home/thomas/LTE_Energy_Module_NS3/ns-allinone-3.24.1/ns-3.24.1/build/.conf_check_b71aba1a65aaa57bff1f71779434b947/testbuild/testprog', '-Wl,-Bstatic', '-Wl,-Bdynamic']
yes
------------------------------------------------------------------
Checking for header stdint.h
==>
#include <stdint.h>

int main(int argc, char **argv) {
	(void)argc; (void)argv;
	return 0;
}

<==
[1/2] Compiling [32mbuild/.conf_check_2da798b367693ce00578fcf4121b200d/test.cpp[0m

['/usr/bin/g++', '-O0', '-ggdb', '-g3', '-Wall', '-Werror', '-DNS3_BUILD_PROFILE_DEBUG', '-DNS3_ASSERT_ENABLE', '-DNS3_LOG_ENABLE', '-DHAVE___UINT128_T=1', '-DINT64X64_USE_128=1', '-DHAVE_INTTYPES_H=1', '-DHAVE_SYS_TYPES_H=1', '-DHAVE_SYS_STAT_H=1', '-DHAVE_DIRENT_H=1', '-DHAVE_STDLIB_H=1', '-DHAVE_GETENV=1', '-DHAVE_SIGNAL_H=1', '-DHAVE_PTHREAD_H=1', '../test.cpp', '-c', '-o', '/home/thomas/LTE_Energy_Module_NS3/ns-allinone-3.24.1/ns-3.24.1/build/.conf_check_2da798b367693ce00578fcf4121b200d/testbuild/test.cpp.1.o']
[2/2] Linking [33mbuild/.conf_check_2da798b367693ce00578fcf4121b200d/testbuild/testprog[0m

['/usr/bin/g++', 'test.cpp.1.o', '-o', '/home/thomas/LTE_Energy_Module_NS3/ns-allinone-3.24.1/ns-3.24.1/build/.conf_check_2da798b367693ce00578fcf4121b200d/testbuild/testprog', '-Wl,-Bstatic', '-Wl,-Bdynamic']
yes
------------------------------------------------------------------
Checking for header inttypes.h
==>
#include <inttypes.h>

int main(int argc, char **argv) {
	(void)argc; (void)argv;
	return 0;
}

<==
[1/2] Compiling [32mbuild/.conf_check_cb8737d625a2eb716e5d67c8042e2ca3/test.cpp[0m

['/usr/bin/g++', '-O0', '-ggdb', '-g3', '-Wall', '-Werror', '-DNS3_BUILD_PROFILE_DEBUG', '-DNS3_ASSERT_ENABLE', '-DNS3_LOG_ENABLE', '-DHAVE___UINT128_T=1', '-DINT64X64_USE_128=1', '-DHAVE_SYS_TYPES_H=1', '-DHAVE_SYS_STAT_H=1', '-DHAVE_DIRENT_H=1', '-DHAVE_STDLIB_H=1', '-DHAVE_GETENV=1', '-DHAVE_SIGNAL_H=1', '-DHAVE_PTHREAD_H=1', '-DHAVE_STDINT_H=1', '../test.cpp', '-c', '-o', '/home/thomas/LTE_Energy_Module_NS3/ns-allinone-3.24.1/ns-3.24.1/build/.conf_check_cb8737d625a2eb716e5d67c8042e2ca3/testbuild/test.cpp.1.o']
[2/2] Linking [33mbuild/.conf_check_cb8737d625a2eb716e5d67c8042e2ca3/testbuild/testprog[0m

['/usr/bin/g++', 'test.cpp.1.o', '-o', '/home/thomas/LTE_Energy_Module_NS3/ns-allinone-3.24.1/ns-3.24.1/build/.conf_check_cb8737d625a2eb716e5d67c8042e2ca3/testbuild/testprog', '-Wl,-Bstatic', '-Wl,-Bdynamic']
yes
------------------------------------------------------------------
Checking for header sys/inttypes.h
==>
#include <sys/inttypes.h>

int main(int argc, char **argv) {
	(void)argc; (void)argv;
	return 0;
}

<==
[1/2] Compiling [32mbuild/.conf_check_4ea67b8db422dc7f4731d123b01753f7/test.cpp[0m

['/usr/bin/g++', '-O0', '-ggdb', '-g3', '-Wall', '-Werror', '-DNS3_BUILD_PROFILE_DEBUG', '-DNS3_ASSERT_ENABLE', '-DNS3_LOG_ENABLE', '-DHAVE___UINT128_T=1', '-DINT64X64_USE_128=1', '-DHAVE_SYS_TYPES_H=1', '-DHAVE_SYS_STAT_H=1', '-DHAVE_DIRENT_H=1', '-DHAVE_STDLIB_H=1', '-DHAVE_GETENV=1', '-DHAVE_SIGNAL_H=1', '-DHAVE_PTHREAD_H=1', '-DHAVE_STDINT_H=1', '-DHAVE_INTTYPES_H=1', '../test.cpp', '-c', '-o', '/home/thomas/LTE_Energy_Module_NS3/ns-allinone-3.24.1/ns-3.24.1/build/.conf_check_4ea67b8db422dc7f4731d123b01753f7/testbuild/test.cpp.1.o']
err: ../test.cpp:1:26: fatal error: sys/inttypes.h: No such file or directory
 #include <sys/inttypes.h>
                          ^
compilation terminated.

from /home/thomas/LTE_Energy_Module_NS3/ns-allinone-3.24.1/ns-3.24.1/src/core: Test does not build: Traceback (most recent call last):
  File "/home/thomas/LTE_Energy_Module_NS3/ns-allinone-3.24.1/ns-3.24.1/.waf-1.8.12-f00e5b53f6bbeab1384a38c9cc5d51f7/waflib/Configure.py", line 339, in run_build
    bld.compile()
  File "/home/thomas/LTE_Energy_Module_NS3/ns-allinone-3.24.1/ns-3.24.1/.waf-1.8.12-f00e5b53f6bbeab1384a38c9cc5d51f7/waflib/Build.py", line 182, in compile
    raise Errors.BuildError(self.producer.error)
BuildError: Build failed
 -> task in 'testprog' failed (exit status 1): 
	{task 140473547647056: cxx test.cpp -> test.cpp.1.o}
['/usr/bin/g++', '-O0', '-ggdb', '-g3', '-Wall', '-Werror', '-DNS3_BUILD_PROFILE_DEBUG', '-DNS3_ASSERT_ENABLE', '-DNS3_LOG_ENABLE', '-DHAVE___UINT128_T=1', '-DINT64X64_USE_128=1', '-DHAVE_SYS_TYPES_H=1', '-DHAVE_SYS_STAT_H=1', '-DHAVE_DIRENT_H=1', '-DHAVE_STDLIB_H=1', '-DHAVE_GETENV=1', '-DHAVE_SIGNAL_H=1', '-DHAVE_PTHREAD_H=1', '-DHAVE_STDINT_H=1', '-DHAVE_INTTYPES_H=1', '../test.cpp', '-c', '-o', '/home/thomas/LTE_Energy_Module_NS3/ns-allinone-3.24.1/ns-3.24.1/build/.conf_check_4ea67b8db422dc7f4731d123b01753f7/testbuild/test.cpp.1.o']

not found
from /home/thomas/LTE_Energy_Module_NS3/ns-allinone-3.24.1/ns-3.24.1/src/core: The configuration failed
------------------------------------------------------------------
Checking for library rt
==>

int main(int argc, char **argv) {
	(void)argc; (void)argv;
	return 0;
}

<==
[1/2] Compiling [32mbuild/.conf_check_2b4c20ecef5bc51c02550d5d487144ed/test.cpp[0m

['/usr/bin/g++', '-O0', '-ggdb', '-g3', '-Wall', '-Werror', '-pthread', '-DNS3_BUILD_PROFILE_DEBUG', '-DNS3_ASSERT_ENABLE', '-DNS3_LOG_ENABLE', '-DHAVE___UINT128_T=1', '-DINT64X64_USE_128=1', '-DHAVE_SYS_TYPES_H=1', '-DHAVE_SYS_STAT_H=1', '-DHAVE_DIRENT_H=1', '-DHAVE_STDLIB_H=1', '-DHAVE_GETENV=1', '-DHAVE_SIGNAL_H=1', '-DHAVE_PTHREAD_H=1', '-DHAVE_STDINT_H=1', '-DHAVE_INTTYPES_H=1', '../test.cpp', '-c', '-o', '/home/thomas/LTE_Energy_Module_NS3/ns-allinone-3.24.1/ns-3.24.1/build/.conf_check_2b4c20ecef5bc51c02550d5d487144ed/testbuild/test.cpp.1.o']
[2/2] Linking [33mbuild/.conf_check_2b4c20ecef5bc51c02550d5d487144ed/testbuild/testprog[0m

['/usr/bin/g++', '-pthread', 'test.cpp.1.o', '-o', '/home/thomas/LTE_Energy_Module_NS3/ns-allinone-3.24.1/ns-3.24.1/build/.conf_check_2b4c20ecef5bc51c02550d5d487144ed/testbuild/testprog', '-Wl,-Bstatic', '-Wl,-Bdynamic', '-lrt']
yes
------------------------------------------------------------------
Checking for header sys/ioctl.h
==>
#include <sys/ioctl.h>

int main(int argc, char **argv) {
	(void)argc; (void)argv;
	return 0;
}

<==
[1/2] Compiling [32mbuild/.conf_check_1ba94abbb990d7d7740e9df750e0cb41/test.cpp[0m

['/usr/bin/g++', '-O0', '-ggdb', '-g3', '-Wall', '-Werror', '-DNS3_BUILD_PROFILE_DEBUG', '-DNS3_ASSERT_ENABLE', '-DNS3_LOG_ENABLE', '../test.cpp', '-c', '-o', '/home/thomas/LTE_Energy_Module_NS3/ns-allinone-3.24.1/ns-3.24.1/build/.conf_check_1ba94abbb990d7d7740e9df750e0cb41/testbuild/test.cpp.1.o']
[2/2] Linking [33mbuild/.conf_check_1ba94abbb990d7d7740e9df750e0cb41/testbuild/testprog[0m

['/usr/bin/g++', 'test.cpp.1.o', '-o', '/home/thomas/LTE_Energy_Module_NS3/ns-allinone-3.24.1/ns-3.24.1/build/.conf_check_1ba94abbb990d7d7740e9df750e0cb41/testbuild/testprog', '-Wl,-Bstatic', '-Wl,-Bdynamic']
yes
------------------------------------------------------------------
Checking for header net/if.h
==>
#include <net/if.h>

int main(int argc, char **argv) {
	(void)argc; (void)argv;
	return 0;
}

<==
[1/2] Compiling [32mbuild/.conf_check_2791a570fe0153ded2f963350f265a14/test.cpp[0m

['/usr/bin/g++', '-O0', '-ggdb', '-g3', '-Wall', '-Werror', '-DNS3_BUILD_PROFILE_DEBUG', '-DNS3_ASSERT_ENABLE', '-DNS3_LOG_ENABLE', '-DHAVE_SYS_IOCTL_H=1', '../test.cpp', '-c', '-o', '/home/thomas/LTE_Energy_Module_NS3/ns-allinone-3.24.1/ns-3.24.1/build/.conf_check_2791a570fe0153ded2f963350f265a14/testbuild/test.cpp.1.o']
[2/2] Linking [33mbuild/.conf_check_2791a570fe0153ded2f963350f265a14/testbuild/testprog[0m

['/usr/bin/g++', 'test.cpp.1.o', '-o', '/home/thomas/LTE_Energy_Module_NS3/ns-allinone-3.24.1/ns-3.24.1/build/.conf_check_2791a570fe0153ded2f963350f265a14/testbuild/testprog', '-Wl,-Bstatic', '-Wl,-Bdynamic']
yes
------------------------------------------------------------------
Checking for header net/ethernet.h
==>
#include <net/ethernet.h>

int main(int argc, char **argv) {
	(void)argc; (void)argv;
	return 0;
}

<==
[1/2] Compiling [32mbuild/.conf_check_732e57f514fa9bb2a5428011fcc8ecad/test.cpp[0m

['/usr/bin/g++', '-O0', '-ggdb', '-g3', '-Wall', '-Werror', '-DNS3_BUILD_PROFILE_DEBUG', '-DNS3_ASSERT_ENABLE', '-DNS3_LOG_ENABLE', '-DHAVE_SYS_IOCTL_H=1', '-DHAVE_IF_NETS_H=1', '../test.cpp', '-c', '-o', '/home/thomas/LTE_Energy_Module_NS3/ns-allinone-3.24.1/ns-3.24.1/build/.conf_check_732e57f514fa9bb2a5428011fcc8ecad/testbuild/test.cpp.1.o']
[2/2] Linking [33mbuild/.conf_check_732e57f514fa9bb2a5428011fcc8ecad/testbuild/testprog[0m

['/usr/bin/g++', 'test.cpp.1.o', '-o', '/home/thomas/LTE_Energy_Module_NS3/ns-allinone-3.24.1/ns-3.24.1/build/.conf_check_732e57f514fa9bb2a5428011fcc8ecad/testbuild/testprog', '-Wl,-Bstatic', '-Wl,-Bdynamic']
yes
------------------------------------------------------------------
Checking for header linux/if_tun.h
==>
#include <linux/if_tun.h>

int main(int argc, char **argv) {
	(void)argc; (void)argv;
	return 0;
}

<==
[1/2] Compiling [32mbuild/.conf_check_0658bd0a0a217dbf5e46d5a1f1bc1028/test.cpp[0m

['/usr/bin/g++', '-O0', '-ggdb', '-g3', '-Wall', '-Werror', '-DNS3_BUILD_PROFILE_DEBUG', '-DNS3_ASSERT_ENABLE', '-DNS3_LOG_ENABLE', '-DHAVE_SYS_IOCTL_H=1', '-DHAVE_IF_NETS_H=1', '-DHAVE_NET_ETHERNET_H=1', '../test.cpp', '-c', '-o', '/home/thomas/LTE_Energy_Module_NS3/ns-allinone-3.24.1/ns-3.24.1/build/.conf_check_0658bd0a0a217dbf5e46d5a1f1bc1028/testbuild/test.cpp.1.o']
[2/2] Linking [33mbuild/.conf_check_0658bd0a0a217dbf5e46d5a1f1bc1028/testbuild/testprog[0m

['/usr/bin/g++', 'test.cpp.1.o', '-o', '/home/thomas/LTE_Energy_Module_NS3/ns-allinone-3.24.1/ns-3.24.1/build/.conf_check_0658bd0a0a217dbf5e46d5a1f1bc1028/testbuild/testprog', '-Wl,-Bstatic', '-Wl,-Bdynamic']
yes
------------------------------------------------------------------
Checking for header netpacket/packet.h
==>
#include <netpacket/packet.h>

int main(int argc, char **argv) {
	(void)argc; (void)argv;
	return 0;
}

<==
[1/2] Compiling [32mbuild/.conf_check_ddc75a22580a1b96a1b39faafa0fd3e9/test.cpp[0m

['/usr/bin/g++', '-O0', '-ggdb', '-g3', '-Wall', '-Werror', '-DNS3_BUILD_PROFILE_DEBUG', '-DNS3_ASSERT_ENABLE', '-DNS3_LOG_ENABLE', '-DHAVE_SYS_IOCTL_H=1', '-DHAVE_IF_NETS_H=1', '-DHAVE_NET_ETHERNET_H=1', '-DHAVE_IF_TUN_H=1', '../test.cpp', '-c', '-o', '/home/thomas/LTE_Energy_Module_NS3/ns-allinone-3.24.1/ns-3.24.1/build/.conf_check_ddc75a22580a1b96a1b39faafa0fd3e9/testbuild/test.cpp.1.o']
[2/2] Linking [33mbuild/.conf_check_ddc75a22580a1b96a1b39faafa0fd3e9/testbuild/testprog[0m

['/usr/bin/g++', 'test.cpp.1.o', '-o', '/home/thomas/LTE_Energy_Module_NS3/ns-allinone-3.24.1/ns-3.24.1/build/.conf_check_ddc75a22580a1b96a1b39faafa0fd3e9/testbuild/testprog', '-Wl,-Bstatic', '-Wl,-Bdynamic']
yes
------------------------------------------------------------------
Checking for NSC location
not found
------------------------------------------------------------------
Checking for OpenFlow location
not found
------------------------------------------------------------------
Checking for 'sqlite3'
['/usr/bin/pkg-config', '--cflags', '--libs', 'sqlite3']
err: Package sqlite3 was not found in the pkg-config search path.
Perhaps you should add the directory containing `sqlite3.pc'
to the PKG_CONFIG_PATH environment variable
No package 'sqlite3' found

not found
from /home/thomas/LTE_Energy_Module_NS3/ns-allinone-3.24.1/ns-3.24.1/src/stats: The configuration failed
------------------------------------------------------------------
Checking for header linux/if_tun.h
==>
#include <linux/if_tun.h>

int main(int argc, char **argv) {
	(void)argc; (void)argv;
	return 0;
}

<==
[1/2] Compiling [32mbuild/.conf_check_0658bd0a0a217dbf5e46d5a1f1bc1028/test.cpp[0m

['/usr/bin/g++', '-O0', '-ggdb', '-g3', '-Wall', '-Werror', '-DNS3_BUILD_PROFILE_DEBUG', '-DNS3_ASSERT_ENABLE', '-DNS3_LOG_ENABLE', '-DHAVE_SYS_IOCTL_H=1', '-DHAVE_IF_NETS_H=1', '-DHAVE_NET_ETHERNET_H=1', '-DHAVE_PACKET_H=1', '../test.cpp', '-c', '-o', '/home/thomas/LTE_Energy_Module_NS3/ns-allinone-3.24.1/ns-3.24.1/build/.conf_check_0658bd0a0a217dbf5e46d5a1f1bc1028/testbuild/test.cpp.1.o']
[2/2] Linking [33mbuild/.conf_check_0658bd0a0a217dbf5e46d5a1f1bc1028/testbuild/testprog[0m

['/usr/bin/g++', 'test.cpp.1.o', '-o', '/home/thomas/LTE_Energy_Module_NS3/ns-allinone-3.24.1/ns-3.24.1/build/.conf_check_0658bd0a0a217dbf5e46d5a1f1bc1028/testbuild/testprog', '-Wl,-Bstatic', '-Wl,-Bdynamic']
yes
------------------------------------------------------------------
Checking for python module 'gtk'
['/usr/bin/python', '-c', "\nimport gtk as current_module\nversion = getattr(current_module, '__version__', None)\nif version is not None:\n\tprint(str(version))\nelse:\n\tprint('unknown version')\n"]
out: unknown version

ok
------------------------------------------------------------------
Checking for python module 'goocanvas'
['/usr/bin/python', '-c', "\nimport goocanvas as current_module\nversion = getattr(current_module, '__version__', None)\nif version is not None:\n\tprint(str(version))\nelse:\n\tprint('unknown version')\n"]
err: Traceback (most recent call last):
  File "<string>", line 2, in <module>
ImportError: No module named goocanvas

not found
from /home/thomas/LTE_Energy_Module_NS3/ns-allinone-3.24.1/ns-3.24.1/src/visualizer: Could not find the python module 'goocanvas'
------------------------------------------------------------------
Checking for python module 'pygraphviz'
['/usr/bin/python', '-c', "\nimport pygraphviz as current_module\nversion = getattr(current_module, '__version__', None)\nif version is not None:\n\tprint(str(version))\nelse:\n\tprint('unknown version')\n"]
out: 1.2

1.2
------------------------------------------------------------------
Checking for program 'sudo'
/usr/bin/sudo
find program=['sudo'] paths=['/usr/local/sbin', '/usr/local/bin', '/usr/sbin', '/usr/bin', '/sbin', '/bin', '/usr/games', '/usr/local/games'] var='SUDO' -> ['/usr/bin/sudo']
------------------------------------------------------------------
Checking for program 'valgrind'
/usr/bin/valgrind
find program=['valgrind'] paths=['/usr/local/sbin', '/usr/local/bin', '/usr/sbin', '/usr/bin', '/sbin', '/bin', '/usr/games', '/usr/local/games'] var='VALGRIND' -> ['/usr/bin/valgrind']
------------------------------------------------------------------
Checking for 'gsl'
['/usr/bin/pkg-config', '--cflags', '--libs', 'gsl']
out:  -lgsl -lgslcblas -lm  

yes
------------------------------------------------------------------
Checking for compilation flag -Wno-error=deprecated-d... support
==>
int main() { return 0; }
<==
[1/1] Compiling [32mbuild/.conf_check_130cdf8e5a1b68d886a9d29a6a3a03c5/test.cpp[0m

['/usr/bin/g++', '-O0', '-ggdb', '-g3', '-Wall', '-Werror', '-Wno-error=deprecated-declarations', '-DNS3_BUILD_PROFILE_DEBUG', '-DNS3_ASSERT_ENABLE', '-DNS3_LOG_ENABLE', '-DHAVE_SYS_IOCTL_H=1', '-DHAVE_IF_NETS_H=1', '-DHAVE_NET_ETHERNET_H=1', '-DHAVE_PACKET_H=1', '-DHAVE_IF_TUN_H=1', '../test.cpp', '-c', '-o', '/home/thomas/LTE_Energy_Module_NS3/ns-allinone-3.24.1/ns-3.24.1/build/.conf_check_130cdf8e5a1b68d886a9d29a6a3a03c5/testbuild/test.cpp.1.o']
ok
------------------------------------------------------------------
Checking for compilation flag -Wno-error=deprecated-d... support
==>
int main() { return 0; }
<==
[1/1] Compiling [32mbuild/.conf_check_c5a70f8048cb6a247f0f97a0b1ee3c3a/test.c[0m

['/usr/bin/gcc', '-Wno-error=deprecated-declarations', '-DNS3_BUILD_PROFILE_DEBUG', '-DNS3_ASSERT_ENABLE', '-DNS3_LOG_ENABLE', '-DHAVE_SYS_IOCTL_H=1', '-DHAVE_IF_NETS_H=1', '-DHAVE_NET_ETHERNET_H=1', '-DHAVE_PACKET_H=1', '-DHAVE_IF_TUN_H=1', '../test.c', '-c', '-o', '/home/thomas/LTE_Energy_Module_NS3/ns-allinone-3.24.1/ns-3.24.1/build/.conf_check_c5a70f8048cb6a247f0f97a0b1ee3c3a/testbuild/test.c.1.o']
ok
------------------------------------------------------------------
Checking for compilation flag -fstrict-aliasing support
==>
int main() { return 0; }
<==
[1/1] Compiling [32mbuild/.conf_check_130cdf8e5a1b68d886a9d29a6a3a03c5/test.cpp[0m

['/usr/bin/g++', '-O0', '-ggdb', '-g3', '-Wall', '-Werror', '-Wno-error=deprecated-declarations', '-fstrict-aliasing', '-DNS3_BUILD_PROFILE_DEBUG', '-DNS3_ASSERT_ENABLE', '-DNS3_LOG_ENABLE', '-DHAVE_SYS_IOCTL_H=1', '-DHAVE_IF_NETS_H=1', '-DHAVE_NET_ETHERNET_H=1', '-DHAVE_PACKET_H=1', '-DHAVE_IF_TUN_H=1', '../test.cpp', '-c', '-o', '/home/thomas/LTE_Energy_Module_NS3/ns-allinone-3.24.1/ns-3.24.1/build/.conf_check_130cdf8e5a1b68d886a9d29a6a3a03c5/testbuild/test.cpp.1.o']
ok
------------------------------------------------------------------
Checking for compilation flag -fstrict-aliasing support
==>
int main() { return 0; }
<==
[1/1] Compiling [32mbuild/.conf_check_c5a70f8048cb6a247f0f97a0b1ee3c3a/test.c[0m

['/usr/bin/gcc', '-fstrict-aliasing', '-DNS3_BUILD_PROFILE_DEBUG', '-DNS3_ASSERT_ENABLE', '-DNS3_LOG_ENABLE', '-DHAVE_SYS_IOCTL_H=1', '-DHAVE_IF_NETS_H=1', '-DHAVE_NET_ETHERNET_H=1', '-DHAVE_PACKET_H=1', '-DHAVE_IF_TUN_H=1', '../test.c', '-c', '-o', '/home/thomas/LTE_Energy_Module_NS3/ns-allinone-3.24.1/ns-3.24.1/build/.conf_check_c5a70f8048cb6a247f0f97a0b1ee3c3a/testbuild/test.c.1.o']
ok
------------------------------------------------------------------
Checking for compilation flag -Wstrict-aliasing support
==>
int main() { return 0; }
<==
[1/1] Compiling [32mbuild/.conf_check_130cdf8e5a1b68d886a9d29a6a3a03c5/test.cpp[0m

['/usr/bin/g++', '-O0', '-ggdb', '-g3', '-Wall', '-Werror', '-Wno-error=deprecated-declarations', '-fstrict-aliasing', '-Wstrict-aliasing', '-DNS3_BUILD_PROFILE_DEBUG', '-DNS3_ASSERT_ENABLE', '-DNS3_LOG_ENABLE', '-DHAVE_SYS_IOCTL_H=1', '-DHAVE_IF_NETS_H=1', '-DHAVE_NET_ETHERNET_H=1', '-DHAVE_PACKET_H=1', '-DHAVE_IF_TUN_H=1', '../test.cpp', '-c', '-o', '/home/thomas/LTE_Energy_Module_NS3/ns-allinone-3.24.1/ns-3.24.1/build/.conf_check_130cdf8e5a1b68d886a9d29a6a3a03c5/testbuild/test.cpp.1.o']
ok
------------------------------------------------------------------
Checking for compilation flag -Wstrict-aliasing support
==>
int main() { return 0; }
<==
[1/1] Compiling [32mbuild/.conf_check_c5a70f8048cb6a247f0f97a0b1ee3c3a/test.c[0m

['/usr/bin/gcc', '-Wstrict-aliasing', '-DNS3_BUILD_PROFILE_DEBUG', '-DNS3_ASSERT_ENABLE', '-DNS3_LOG_ENABLE', '-DHAVE_SYS_IOCTL_H=1', '-DHAVE_IF_NETS_H=1', '-DHAVE_NET_ETHERNET_H=1', '-DHAVE_PACKET_H=1', '-DHAVE_IF_TUN_H=1', '../test.c', '-c', '-o', '/home/thomas/LTE_Energy_Module_NS3/ns-allinone-3.24.1/ns-3.24.1/build/.conf_check_c5a70f8048cb6a247f0f97a0b1ee3c3a/testbuild/test.c.1.o']
ok
------------------------------------------------------------------
Checking for program 'doxygen'
/usr/bin/doxygen
find program=['doxygen'] paths=['/usr/local/sbin', '/usr/local/bin', '/usr/sbin', '/usr/bin', '/sbin', '/bin', '/usr/games', '/usr/local/games'] var='DOXYGEN' -> ['/usr/bin/doxygen']
